d:\dev\breakout\build\x64\debug\intermediate\vc140.pdb
d:\dev\breakout\build\x64\debug\intermediate\vc140.idb
d:\dev\breakout\build\x64\debug\intermediate\entity.obj
d:\dev\breakout\build\x64\debug\intermediate\game.obj
d:\dev\breakout\build\x64\debug\intermediate\imgui.obj
d:\dev\breakout\build\x64\debug\intermediate\imgui_draw.obj
d:\dev\breakout\build\x64\debug\intermediate\inputhandler.obj
d:\dev\breakout\build\x64\debug\intermediate\main.obj
d:\dev\breakout\build\x64\debug\intermediate\stagingmanager.obj
d:\dev\breakout\build\x64\debug\intermediate\swapchain.obj
d:\dev\breakout\build\x64\debug\intermediate\vma.obj
d:\dev\breakout\build\x64\debug\intermediate\vulkancontext.obj
d:\dev\breakout\build\x64\debug\intermediate\vulkancontext_init.obj
d:\dev\breakout\build\x64\debug\intermediate\vulkancontext_renderstate.obj
d:\dev\breakout\build\x64\debug\intermediate\vulkancontext_texture.obj
d:\dev\breakout\build\x64\debug\intermediate\soundsystem.obj
d:\dev\breakout\build\x64\debug\intermediate\renderer.obj
d:\dev\breakout\build\x64\debug\intermediate\ui.obj
d:\dev\breakout\build\x64\debug\intermediate\window.obj
d:\dev\breakout\build\x64\debug\intermediate\scoresmanager.obj
d:\dev\breakout\build\x64\debug\intermediate\renderbackend.obj
d:\dev\breakout\build\x64\debug\breakout.ilk
d:\dev\breakout\build\x64\debug\breakout.exe
d:\dev\breakout\build\x64\debug\breakout.pdb
d:\dev\breakout\build\x64\debug\intermediate\renderbackend.obj.enc
d:\dev\breakout\build\x64\debug\intermediate\breakout.tlog\cl.command.1.tlog
d:\dev\breakout\build\x64\debug\intermediate\breakout.tlog\cl.read.1.tlog
d:\dev\breakout\build\x64\debug\intermediate\breakout.tlog\cl.write.1.tlog
d:\dev\breakout\build\x64\debug\intermediate\breakout.tlog\link.command.1.tlog
d:\dev\breakout\build\x64\debug\intermediate\breakout.tlog\link.read.1.tlog
d:\dev\breakout\build\x64\debug\intermediate\breakout.tlog\link.write.1.tlog
